Performing C SOURCE FILE Test CMAKE_HAVE_LIBC_PTHREAD failed with the following output:
Change Dir: /home/biorobotics/wombat_arm_ws/src/wombat_tracking/build/CMakeFiles/CMakeTmp

Run Build Command(s):/usr/bin/make -f Makefile cmTC_75cbf/fast && /usr/bin/make  -f CMakeFiles/cmTC_75cbf.dir/build.make CMakeFiles/cmTC_75cbf.dir/build
make[1]: Entering directory '/home/biorobotics/wombat_arm_ws/src/wombat_tracking/build/CMakeFiles/CMakeTmp'
Building C object CMakeFiles/cmTC_75cbf.dir/src.c.o
/usr/bin/gcc -DCMAKE_HAVE_LIBC_PTHREAD   -o CMakeFiles/cmTC_75cbf.dir/src.c.o -c /home/biorobotics/wombat_arm_ws/src/wombat_tracking/build/CMakeFiles/CMakeTmp/src.c
Linking C executable cmTC_75cbf
/usr/local/bin/cmake -E cmake_link_script CMakeFiles/cmTC_75cbf.dir/link.txt --verbose=1
/usr/bin/gcc -rdynamic CMakeFiles/cmTC_75cbf.dir/src.c.o -o cmTC_75cbf 
CMakeFiles/cmTC_75cbf.dir/src.c.o: In function `main':
src.c:(.text+0x3e): undefined reference to `pthread_create'
src.c:(.text+0x4a): undefined reference to `pthread_detach'
src.c:(.text+0x56): undefined reference to `pthread_cancel'
src.c:(.text+0x67): undefined reference to `pthread_join'
src.c:(.text+0x7b): undefined reference to `pthread_atfork'
collect2: error: ld returned 1 exit status
CMakeFiles/cmTC_75cbf.dir/build.make:98: recipe for target 'cmTC_75cbf' failed
make[1]: *** [cmTC_75cbf] Error 1
make[1]: Leaving directory '/home/biorobotics/wombat_arm_ws/src/wombat_tracking/build/CMakeFiles/CMakeTmp'
Makefile:127: recipe for target 'cmTC_75cbf/fast' failed
make: *** [cmTC_75cbf/fast] Error 2


Source file was:
#include <pthread.h>

static void* test_func(void* data)
{
  return data;
}

int main(void)
{
  pthread_t thread;
  pthread_create(&thread, NULL, test_func, NULL);
  pthread_detach(thread);
  pthread_cancel(thread);
  pthread_join(thread, NULL);
  pthread_atfork(NULL, NULL, NULL);
  pthread_exit(NULL);

  return 0;
}

Determining if the function pthread_create exists in the pthreads failed with the following output:
Change Dir: /home/biorobotics/wombat_arm_ws/src/wombat_tracking/build/CMakeFiles/CMakeTmp

Run Build Command(s):/usr/bin/make -f Makefile cmTC_ddd33/fast && /usr/bin/make  -f CMakeFiles/cmTC_ddd33.dir/build.make CMakeFiles/cmTC_ddd33.dir/build
make[1]: Entering directory '/home/biorobotics/wombat_arm_ws/src/wombat_tracking/build/CMakeFiles/CMakeTmp'
Building C object CMakeFiles/cmTC_ddd33.dir/CheckFunctionExists.c.o
/usr/bin/gcc   -DCHECK_FUNCTION_EXISTS=pthread_create -o CMakeFiles/cmTC_ddd33.dir/CheckFunctionExists.c.o -c /usr/local/share/cmake-3.20/Modules/CheckFunctionExists.c
Linking C executable cmTC_ddd33
/usr/local/bin/cmake -E cmake_link_script CMakeFiles/cmTC_ddd33.dir/link.txt --verbose=1
/usr/bin/gcc  -DCHECK_FUNCTION_EXISTS=pthread_create -rdynamic CMakeFiles/cmTC_ddd33.dir/CheckFunctionExists.c.o -o cmTC_ddd33  -lpthreads 
/usr/bin/ld: cannot find -lpthreads
collect2: error: ld returned 1 exit status
CMakeFiles/cmTC_ddd33.dir/build.make:98: recipe for target 'cmTC_ddd33' failed
make[1]: *** [cmTC_ddd33] Error 1
make[1]: Leaving directory '/home/biorobotics/wombat_arm_ws/src/wombat_tracking/build/CMakeFiles/CMakeTmp'
Makefile:127: recipe for target 'cmTC_ddd33/fast' failed
make: *** [cmTC_ddd33/fast] Error 2



